<?xml version="1.0" encoding="UTF-8"?>
<testng-results skipped="0" failed="1" ignored="0" total="1" passed="0">
  <reporter-output>
  </reporter-output>
  <suite name="Default suite" duration-ms="26864" started-at="2018-03-06T18:45:11Z" finished-at="2018-03-06T18:45:38Z">
    <groups>
    </groups>
    <test name="Default test" duration-ms="26864" started-at="2018-03-06T18:45:11Z" finished-at="2018-03-06T18:45:38Z">
      <class name="testcases.ModuleName.HomepageFunctionality">
        <test-method status="PASS" signature="beforeTest()[pri:0, instance:testcases.ModuleName.HomepageFunctionality@536aaa8d]" name="beforeTest" is-config="true" duration-ms="26351" started-at="2018-03-06T18:45:11Z" finished-at="2018-03-06T18:45:37Z">
          <reporter-output>
          </reporter-output>
        </test-method> <!-- beforeTest -->
        <test-method status="FAIL" signature="f()[pri:0, instance:testcases.ModuleName.HomepageFunctionality@536aaa8d]" name="f" duration-ms="7" started-at="2018-03-06T18:45:37Z" finished-at="2018-03-06T18:45:37Z">
          <exception class="java.lang.Error">
            <message>
              <![CDATA[Unresolved compilation problem: Syntax error on token "(", Expression expected after this token]]>
            </message>
            <full-stacktrace>
              <![CDATA[java.lang.Error: Unresolved compilation problem: Syntax error on token "(", Expression expected after this tokenat pageObjects.Homepage.fromtxtbox(Homepage.java:17)at testcases.ModuleName.HomepageFunctionality.f(HomepageFunctionality.java:18)at sun.reflect.NativeMethodAccessorImpl.invoke0(Native Method)at sun.reflect.NativeMethodAccessorImpl.invoke(NativeMethodAccessorImpl.java:62)at sun.reflect.DelegatingMethodAccessorImpl.invoke(DelegatingMethodAccessorImpl.java:43)at java.lang.reflect.Method.invoke(Method.java:498)at org.testng.internal.MethodInvocationHelper.invokeMethod(MethodInvocationHelper.java:124)at org.testng.internal.Invoker.invokeMethod(Invoker.java:571)at org.testng.internal.Invoker.invokeTestMethod(Invoker.java:707)at org.testng.internal.Invoker.invokeTestMethods(Invoker.java:979)at org.testng.internal.TestMethodWorker.invokeTestMethods(TestMethodWorker.java:125)at org.testng.internal.TestMethodWorker.run(TestMethodWorker.java:109)at org.testng.TestRunner.privateRun(TestRunner.java:648)at org.testng.TestRunner.run(TestRunner.java:505)at org.testng.SuiteRunner.runTest(SuiteRunner.java:455)at org.testng.SuiteRunner.runSequentially(SuiteRunner.java:450)at org.testng.SuiteRunner.privateRun(SuiteRunner.java:415)at org.testng.SuiteRunner.run(SuiteRunner.java:364)at org.testng.SuiteRunnerWorker.runSuite(SuiteRunnerWorker.java:52)at org.testng.SuiteRunnerWorker.run(SuiteRunnerWorker.java:84)at org.testng.TestNG.runSuitesSequentially(TestNG.java:1187)at org.testng.TestNG.runSuitesLocally(TestNG.java:1116)at org.testng.TestNG.runSuites(TestNG.java:1028)at org.testng.TestNG.run(TestNG.java:996)at org.testng.remote.AbstractRemoteTestNG.run(AbstractRemoteTestNG.java:114)at org.testng.remote.RemoteTestNG.initAndRun(RemoteTestNG.java:251)at org.testng.remote.RemoteTestNG.main(RemoteTestNG.java:77)]]>
            </full-stacktrace>
          </exception> <!-- java.lang.Error -->
          <reporter-output>
          </reporter-output>
        </test-method> <!-- f -->
        <test-method status="PASS" signature="afterTest()[pri:0, instance:testcases.ModuleName.HomepageFunctionality@536aaa8d]" name="afterTest" is-config="true" duration-ms="483" started-at="2018-03-06T18:45:37Z" finished-at="2018-03-06T18:45:38Z">
          <reporter-output>
          </reporter-output>
        </test-method> <!-- afterTest -->
      </class> <!-- testcases.ModuleName.HomepageFunctionality -->
    </test> <!-- Default test -->
  </suite> <!-- Default suite -->
</testng-results>
